[2023-09-27 05:55:29] Code optimization and refactoring - Session #1 - 686cb2d14e9f7
[2023-09-27 05:55:29] Bug fixes and improvements - Session #2 - 686cb2d150433
[2023-09-27 05:55:29] UI/UX enhancements - Session #3 - 686cb2d157641
[2023-09-28 05:55:29] Code optimization and refactoring - Session #4 - 686cb2d159e21
[2023-09-29 05:55:29] Code review and cleanup - Session #5 - 686cb2d15bb50
[2023-09-29 05:55:29] Bug fixes and improvements - Session #6 - 686cb2d15d8bd
[2023-09-29 05:55:29] Feature development and testing - Session #7 - 686cb2d15f1e7
[2023-10-01 05:55:29] Code review and cleanup - Session #8 - 686cb2d160e26
[2023-10-02 05:55:29] Bug fixes and improvements - Session #9 - 686cb2d162651
[2023-10-02 05:55:29] Security improvements - Session #10 - 686cb2d163dfb
[2023-10-02 05:55:29] Code review and cleanup - Session #11 - 686cb2d165529
[2023-10-03 05:55:29] Bug fixes and improvements - Session #12 - 686cb2d166d8d
[2023-10-03 05:55:29] UI/UX enhancements - Session #13 - 686cb2d168629
[2023-10-03 05:55:29] Code review and cleanup - Session #14 - 686cb2d169faf
[2023-10-03 05:55:29] Code optimization and refactoring - Session #15 - 686cb2d1717c2
[2023-10-04 05:55:29] Feature development and testing - Session #16 - 686cb2d1731ab
[2023-10-04 05:55:29] Code optimization and refactoring - Session #17 - 686cb2d1748b4
[2023-10-05 05:55:29] Documentation updates - Session #18 - 686cb2d17602a
[2023-10-05 05:55:29] Code optimization and refactoring - Session #19 - 686cb2d177761
[2023-10-05 05:55:29] Documentation updates - Session #20 - 686cb2d1791f3
[2023-10-05 05:55:29] Documentation updates - Session #21 - 686cb2d17ae14
[2023-10-05 05:55:29] Documentation updates - Session #22 - 686cb2d17c6ca
[2023-10-05 05:55:29] Code review and cleanup - Session #23 - 686cb2d17ddab
[2023-10-06 05:55:29] Code optimization and refactoring - Session #24 - 686cb2d17f4f4
[2023-10-06 05:55:29] Feature development and testing - Session #25 - 686cb2d180c5d
[2023-10-06 05:55:29] Performance enhancements - Session #26 - 686cb2d183905
[2023-10-07 05:55:29] Bug fixes and improvements - Session #27 - 686cb2d18ac0f
[2023-10-07 05:55:29] Feature development and testing - Session #28 - 686cb2d18c862
[2023-10-09 05:55:29] Code optimization and refactoring - Session #29 - 686cb2d18e442
[2023-10-09 05:55:29] Code review and cleanup - Session #30 - 686cb2d1900e5
[2023-10-09 05:55:29] Code optimization and refactoring - Session #31 - 686cb2d191b89
[2023-10-10 05:55:29] Code optimization and refactoring - Session #32 - 686cb2d19348e
[2023-10-10 05:55:29] Performance enhancements - Session #33 - 686cb2d194b8d
[2023-10-10 05:55:29] Documentation updates - Session #34 - 686cb2d1965a1
[2023-10-10 05:55:29] UI/UX enhancements - Session #35 - 686cb2d197ee6
[2023-10-11 05:55:29] Feature development and testing - Session #36 - 686cb2d199712
[2023-10-11 05:55:29] Code optimization and refactoring - Session #37 - 686cb2d19b6cc
[2023-10-12 05:55:29] UI/UX enhancements - Session #38 - 686cb2d1a2780
[2023-10-12 05:55:29] Code optimization and refactoring - Session #39 - 686cb2d1a42ae
[2023-10-12 05:55:29] Security improvements - Session #40 - 686cb2d1a5bcb
[2023-10-12 05:55:29] Code optimization and refactoring - Session #41 - 686cb2d1a7475
[2023-10-13 05:55:29] Performance enhancements - Session #42 - 686cb2d1a8ef6
[2023-10-13 05:55:29] Security improvements - Session #43 - 686cb2d1aa587
[2023-10-13 05:55:29] Code review and cleanup - Session #44 - 686cb2d1abccf
[2023-10-13 05:55:29] Security improvements - Session #45 - 686cb2d1ad511
[2023-10-13 05:55:29] Documentation updates - Session #46 - 686cb2d1aebc8
[2023-10-13 05:55:29] Performance enhancements - Session #47 - 686cb2d1b039e
[2023-10-14 05:55:29] Security improvements - Session #48 - 686cb2d1b221d
[2023-10-14 05:55:29] Performance enhancements - Session #49 - 686cb2d1b52b8
[2023-10-15 05:55:29] Security improvements - Session #50 - 686cb2d1bae78
[2023-10-15 05:55:29] UI/UX enhancements - Session #51 - 686cb2d1bc9e7
[2023-10-16 05:55:29] Feature development and testing - Session #52 - 686cb2d1be21c
[2023-10-16 05:55:29] Code optimization and refactoring - Session #53 - 686cb2d1bfa3b
[2023-10-17 05:55:29] Performance enhancements - Session #54 - 686cb2d1c12f4
[2023-10-17 05:55:29] Bug fixes and improvements - Session #55 - 686cb2d1c2b18
[2023-10-17 05:55:29] Documentation updates - Session #56 - 686cb2d1c4220
[2023-10-18 05:55:29] UI/UX enhancements - Session #57 - 686cb2d1c5a5f
[2023-10-18 05:55:29] Security improvements - Session #58 - 686cb2d1c71bc
[2023-10-19 05:55:29] Performance enhancements - Session #59 - 686cb2d1c889b
[2023-10-19 05:55:29] Security improvements - Session #60 - 686cb2d1c9f35
[2023-10-19 05:55:29] Code review and cleanup - Session #61 - 686cb2d1cea6f
[2023-10-19 05:55:29] Performance enhancements - Session #62 - 686cb2d1d3281
[2023-10-20 05:55:29] Code optimization and refactoring - Session #63 - 686cb2d1d4b1b
[2023-10-23 05:55:29] Performance enhancements - Session #64 - 686cb2d1d64d6
[2023-10-23 05:55:29] Feature development and testing - Session #65 - 686cb2d1d7c12
[2023-10-24 05:55:29] Code optimization and refactoring - Session #66 - 686cb2d1d942a
[2023-10-25 05:55:29] UI/UX enhancements - Session #67 - 686cb2d1dabd4
[2023-10-25 05:55:29] Code review and cleanup - Session #68 - 686cb2d1dc252
[2023-10-26 05:55:29] Documentation updates - Session #69 - 686cb2d1dd941
[2023-10-27 05:55:29] Code optimization and refactoring - Session #70 - 686cb2d1defe2
[2023-10-30 05:55:29] UI/UX enhancements - Session #71 - 686cb2d1e0721
[2023-10-30 05:55:29] Code review and cleanup - Session #72 - 686cb2d1e1d94
[2023-10-30 05:55:29] Documentation updates - Session #73 - 686cb2d1e352b
[2023-10-31 05:55:29] Code optimization and refactoring - Session #74 - 686cb2d1e7199
[2023-10-31 05:55:29] Feature development and testing - Session #75 - 686cb2d1eb6ce
[2023-10-31 05:55:29] Performance enhancements - Session #76 - 686cb2d1ecfe7
[2023-11-01 05:55:29] Code optimization and refactoring - Session #77 - 686cb2d1ee87e
[2023-11-01 05:55:29] Feature development and testing - Session #78 - 686cb2d1f002f
[2023-11-01 05:55:29] UI/UX enhancements - Session #79 - 686cb2d1f1789
[2023-11-01 05:55:29] Performance enhancements - Session #80 - 686cb2d1f2f46
[2023-11-01 05:55:29] Security improvements - Session #81 - 686cb2d200426
[2023-11-01 05:55:29] UI/UX enhancements - Session #82 - 686cb2d201afd
[2023-11-01 05:55:29] Performance enhancements - Session #83 - 686cb2d2031c6
